0 info it worked if it ends with ok
1 verbose cli [ '/usr/local/bin/node',
1 verbose cli   '/usr/local/bin/npm',
1 verbose cli   'i',
1 verbose cli   '[-g]',
1 verbose cli   'to-jekyll-collection' ]
2 info using npm@3.7.3
3 info using node@v5.6.0
4 silly loadCurrentTree Starting
5 silly install loadCurrentTree
6 silly install readLocalPackageData
7 silly fetchPackageMetaData [-g]
8 silly fetchPackageMetaData to-jekyll-collection
9 silly fetchOtherPackageData [-g]
10 silly cache add args [ '[-g]', null ]
11 verbose cache add spec [-g]
12 silly fetchNamedPackageData to-jekyll-collection
13 silly mapToRegistry name to-jekyll-collection
14 silly mapToRegistry using default registry
15 silly mapToRegistry registry https://registry.npmjs.org/
16 silly mapToRegistry uri https://registry.npmjs.org/to-jekyll-collection
17 silly cache add parsed spec Result {
17 silly cache add   raw: '[-g]',
17 silly cache add   scope: null,
17 silly cache add   name: null,
17 silly cache add   rawSpec: '[-g]',
17 silly cache add   spec: '/Users/User1/Desktop/cf/[-g]',
17 silly cache add   type: 'local' }
18 verbose request uri https://registry.npmjs.org/to-jekyll-collection
19 verbose request no auth needed
20 info attempt registry request try #1 at 10:25:17 PM
21 verbose request id 9c96df9d39ce3681
22 http request GET https://registry.npmjs.org/to-jekyll-collection
23 error addLocal Could not install /Users/User1/Desktop/cf/[-g]
24 silly fetchPackageMetaData Error: ENOENT: no such file or directory, open '/Users/User1/Desktop/cf/[-g]'
24 silly fetchPackageMetaData     at Error (native)
24 silly fetchPackageMetaData  error for [-g] { [Error: ENOENT: no such file or directory, open '/Users/User1/Desktop/cf/[-g]']
24 silly fetchPackageMetaData   errno: -2,
24 silly fetchPackageMetaData   code: 'ENOENT',
24 silly fetchPackageMetaData   syscall: 'open',
24 silly fetchPackageMetaData   path: '/Users/User1/Desktop/cf/[-g]' }
25 http 200 https://registry.npmjs.org/to-jekyll-collection
26 verbose headers { server: 'nginx/1.10.1',
26 verbose headers   'content-type': 'application/json',
26 verbose headers   'last-modified': 'Wed, 08 Jun 2016 18:16:12 GMT',
26 verbose headers   etag: 'W/"575860ec-cd3"',
26 verbose headers   'content-encoding': 'gzip',
26 verbose headers   'cache-control': 'max-age=300',
26 verbose headers   'content-length': '1086',
26 verbose headers   'accept-ranges': 'bytes',
26 verbose headers   date: 'Wed, 01 Mar 2017 06:25:18 GMT',
26 verbose headers   via: '1.1 varnish',
26 verbose headers   age: '0',
26 verbose headers   connection: 'keep-alive',
26 verbose headers   'x-served-by': 'cache-sea1022-SEA',
26 verbose headers   'x-cache': 'MISS',
26 verbose headers   'x-cache-hits': '0',
26 verbose headers   'x-timer': 'S1488349518.770901,VS0,VE36',
26 verbose headers   vary: 'Accept-Encoding' }
27 silly get cb [ 200,
27 silly get   { server: 'nginx/1.10.1',
27 silly get     'content-type': 'application/json',
27 silly get     'last-modified': 'Wed, 08 Jun 2016 18:16:12 GMT',
27 silly get     etag: 'W/"575860ec-cd3"',
27 silly get     'content-encoding': 'gzip',
27 silly get     'cache-control': 'max-age=300',
27 silly get     'content-length': '1086',
27 silly get     'accept-ranges': 'bytes',
27 silly get     date: 'Wed, 01 Mar 2017 06:25:18 GMT',
27 silly get     via: '1.1 varnish',
27 silly get     age: '0',
27 silly get     connection: 'keep-alive',
27 silly get     'x-served-by': 'cache-sea1022-SEA',
27 silly get     'x-cache': 'MISS',
27 silly get     'x-cache-hits': '0',
27 silly get     'x-timer': 'S1488349518.770901,VS0,VE36',
27 silly get     vary: 'Accept-Encoding' } ]
28 verbose get saving to-jekyll-collection to /Users/User1/.npm/registry.npmjs.org/to-jekyll-collection/.cache.json
29 verbose correctMkdir /Users/User1/.npm correctMkdir not in flight; initializing
30 silly rollbackFailedOptional Starting
31 silly rollbackFailedOptional Finishing
32 silly runTopLevelLifecycles Starting
33 silly runTopLevelLifecycles Finishing
34 silly install printInstalled
35 verbose stack Error: ENOENT: no such file or directory, open '/Users/User1/Desktop/cf/[-g]'
35 verbose stack     at Error (native)
36 verbose cwd /Users/User1/Desktop/cf
37 error Darwin 15.4.0
38 error argv "/usr/local/bin/node" "/usr/local/bin/npm" "i" "[-g]" "to-jekyll-collection"
39 error node v5.6.0
40 error npm  v3.7.3
41 error path /Users/User1/Desktop/cf/[-g]
42 error code ENOENT
43 error errno -2
44 error syscall open
45 error enoent ENOENT: no such file or directory, open '/Users/User1/Desktop/cf/[-g]'
46 error enoent ENOENT: no such file or directory, open '/Users/User1/Desktop/cf/[-g]'
46 error enoent This is most likely not a problem with npm itself
46 error enoent and is related to npm not being able to find a file.
47 verbose exit [ -2, true ]
